/Users/user/Documents/pic/PlatformTransactionManager.jpg
/Users/user/Documents/pic/IMG_0662.JPG
/Users/user/Documents/pic/oauth.png
/Users/user/Documents/pic/产学研教-用户中心.jpg
/Users/user/Documents/pic/bje2.jpg
/Users/user/Documents/pic/bje5.jpg
/Users/user/Documents/pic/bje6.jpg
/Users/user/Documents/pic/bje4.jpg
/Users/user/Documents/pic/bje3.jpg
/Users/user/Documents/pic/bje1.jpg
/Users/user/Documents/pic/数据同步.png
/Users/user/Documents/pic/微服务架构权限 (1).png
/Users/user/Documents/pic/complextreace.png
/Users/user/Documents/pic/scene.jpg
/Users/user/Documents/pic/granter.png
/Users/user/Documents/pic/qrcode_for_gh_ca56415d4966_430.jpg
/Users/user/Documents/pic/bucket-bl.jpg
/Users/user/Documents/pic/default-bucket-name.jpg
/Users/user/Documents/pic/css-bucket.jpg
/Users/user/Documents/pic/omni权限.jpeg
/Users/user/Documents/pic/security.png
/Users/user/Documents/pic/通信.jpg
/Users/user/Documents/pic/secret-qiniu.jpg
